<?xml version="1.0" encoding="UTF-8"?>
<testng-results ignored="0" total="1" passed="1" failed="0" skipped="0">
  <reporter-output>
  </reporter-output>
  <suite started-at="2023-01-11T09:15:51 IST" name="Default suite" finished-at="2023-01-11T09:16:25 IST" duration-ms="34438">
    <groups>
    </groups>
    <test started-at="2023-01-11T09:15:51 IST" name="Default test" finished-at="2023-01-11T09:16:25 IST" duration-ms="34438">
      <class name="com.testng.ElectricalBill_TestNG">
        <test-method is-config="true" signature="setUp()[pri:0, instance:com.testng.ElectricalBill_TestNG@3f6f6701]" started-at="2023-01-11T09:15:51 IST" name="setUp" finished-at="2023-01-11T09:15:55 IST" duration-ms="3805" status="PASS">
          <reporter-output>
          </reporter-output>
        </test-method> <!-- setUp -->
        <test-method signature="Login()[pri:0, instance:com.testng.ElectricalBill_TestNG@3f6f6701]" started-at="2023-01-11T09:15:55 IST" name="Login" finished-at="2023-01-11T09:16:25 IST" duration-ms="30508" status="PASS">
          <reporter-output>
          </reporter-output>
        </test-method> <!-- Login -->
      </class> <!-- com.testng.ElectricalBill_TestNG -->
    </test> <!-- Default test -->
  </suite> <!-- Default suite -->
</testng-results>
